<?xml version="1.0" encoding="UTF-8"?>
<testng-results ignored="0" total="1" passed="1" failed="0" skipped="0">
  <reporter-output>
  </reporter-output>
  <suite started-at="2023-07-20T00:30:55 IST" name="Default suite" finished-at="2023-07-20T00:31:04 IST" duration-ms="8989">
    <groups>
    </groups>
    <test started-at="2023-07-20T00:30:55 IST" name="Default test" finished-at="2023-07-20T00:31:04 IST" duration-ms="8989">
      <class name="org.Ecommerce.flipkartLogin">
        <test-method signature="LoginPage()[pri:0, instance:org.Ecommerce.flipkartLogin@738dc9b]" started-at="2023-07-20T00:30:55 IST" name="LoginPage" finished-at="2023-07-20T00:31:04 IST" duration-ms="8941" status="PASS">
          <reporter-output>
          </reporter-output>
        </test-method> <!-- LoginPage -->
      </class> <!-- org.Ecommerce.flipkartLogin -->
    </test> <!-- Default test -->
  </suite> <!-- Default suite -->
</testng-results>
